<?xml version="1.0" encoding="UTF-8"?>
<testsuite name="API_Automation_Learning2"
           tests="6"
           failures="0"
           errors="0"
           skipped="0"
           time="0.049">
    <properties></properties>



            <testcase
                name="testMethodsMC2_4"
                time="0.004"
                classname="com.saurabhAPIAuto.tests.MiSC.MainClass2">
            </testcase>
            <testcase
                name="testMethodsMC2_6"
                time="0.008"
                classname="com.saurabhAPIAuto.tests.MiSC.MainClass2">
            </testcase>
            <testcase
                name="testMethodsMC2_3"
                time="0.010"
                classname="com.saurabhAPIAuto.tests.MiSC.MainClass2">
            </testcase>
            <testcase
                name="testMethodsMC2_1"
                time="0.010"
                classname="com.saurabhAPIAuto.tests.MiSC.MainClass2">
            </testcase>
            <testcase
                name="testMethodsMC2_5"
                time="0.008"
                classname="com.saurabhAPIAuto.tests.MiSC.MainClass2">
            </testcase>
            <testcase
                name="testMethodsMC2_2"
                time="0.009"
                classname="com.saurabhAPIAuto.tests.MiSC.MainClass2">
            </testcase>
</testsuite>
